Loaded words_dat.txt containing 5757 five-letter English words.
Two words are connected if they differ in one letter.
Graph has 5757 nodes with 14135 edges
853 connected components
Shortest path between chaos and order is
chaos
choos
shoos
shoes
shoed
shred
sired
sided
aided
added
adder
odder
order
Shortest path between plots and graph is
plots
plats
plate
prate
grate
grape
graph
Shortest path between moron and smart is
moron
boron
baron
caron
capon
capos
capes
canes
banes
bands
bends
beads
bears
sears
stars
start
smart
Shortest path between flies and swims is
flies
flips
slips
slims
swims
Shortest path between mango and peach is
mango
mange
marge
merge
merse
terse
tease
pease
peace
peach
Shortest path between pound and marks is
None
