Loaded words_dat.txt containing 5757 five-letter English words.
Two words are connected if they differ in one letter.
Graph has 5757 nodes with 112278 edges
16 connected components
Shortest path between chaos and order is
chaos
hoars
arose
adore
order
Shortest path between plots and graph is
plots
opals
plash
sharp
graph
Shortest path between moron and smart is
moron
manor
roams
smart
Shortest path between flies and swims is
flies
isles
semis
swims
Shortest path between mango and peach is
mango
conga
nacho
poach
peach
Shortest path between pound and marks is
pound
mound
monad
damns
drams
marks
